c:\users\kga_19\desktop\teampoject\kg-teamproject\debug\api_framework.pch
c:\users\kga_19\desktop\teampoject\kg-teamproject\debug\vc141.pdb
c:\users\kga_19\desktop\teampoject\kg-teamproject\debug\vc141.idb
c:\users\kga_19\desktop\teampoject\kg-teamproject\debug\stdafx.obj
c:\users\kga_19\desktop\teampoject\kg-teamproject\debug\scenemanager.obj
c:\users\kga_19\desktop\teampoject\kg-teamproject\debug\progressbar.obj
c:\users\kga_19\desktop\teampoject\kg-teamproject\debug\player.obj
c:\users\kga_19\desktop\teampoject\kg-teamproject\debug\player+ani.obj
c:\users\kga_19\desktop\teampoject\kg-teamproject\debug\maptool.obj
c:\users\kga_19\desktop\teampoject\kg-teamproject\debug\maingame.obj
c:\users\kga_19\desktop\teampoject\kg-teamproject\debug\maingame+image.obj
c:\users\kga_19\desktop\teampoject\kg-teamproject\debug\loading.obj
c:\users\kga_19\desktop\teampoject\kg-teamproject\debug\keymanager.obj
c:\users\kga_19\desktop\teampoject\kg-teamproject\debug\itemmanager.obj
c:\users\kga_19\desktop\teampoject\kg-teamproject\debug\item.obj
c:\users\kga_19\desktop\teampoject\kg-teamproject\debug\imagemanager.obj
c:\users\kga_19\desktop\teampoject\kg-teamproject\debug\image.obj
c:\users\kga_19\desktop\teampoject\kg-teamproject\debug\gamenode.obj
c:\users\kga_19\desktop\teampoject\kg-teamproject\debug\effectmanager.obj
c:\users\kga_19\desktop\teampoject\kg-teamproject\debug\effect.obj
c:\users\kga_19\desktop\teampoject\kg-teamproject\debug\cameramanager.obj
c:\users\kga_19\desktop\teampoject\kg-teamproject\debug\astar.obj
c:\users\kga_19\desktop\teampoject\kg-teamproject\debug\animationmanager.obj
c:\users\kga_19\desktop\teampoject\kg-teamproject\debug\animation.obj
c:\users\kga_19\desktop\teampoject\kg-teamproject\debug\winmain.obj
c:\users\kga_19\desktop\teampoject\kg-teamproject\debug\utils.obj
c:\users\kga_19\desktop\teampoject\kg-teamproject\debug\txtdata.obj
c:\users\kga_19\desktop\teampoject\kg-teamproject\debug\timer.obj
c:\users\kga_19\desktop\teampoject\kg-teamproject\debug\timemanager.obj
c:\users\kga_19\desktop\teampoject\kg-teamproject\debug\soundmanager.obj
c:\users\kga_19\desktop\teampoject\kg-teamproject\debug\api_framework.ilk
c:\users\kga_19\desktop\teampoject\kg-teamproject\debug\api_framework.exe
c:\users\kga_19\desktop\teampoject\kg-teamproject\debug\api_framework.pdb
c:\users\kga_19\desktop\teampoject\kg-teamproject\debug\api_framework.tlog\cl.command.1.tlog
c:\users\kga_19\desktop\teampoject\kg-teamproject\debug\api_framework.tlog\cl.read.1.tlog
c:\users\kga_19\desktop\teampoject\kg-teamproject\debug\api_framework.tlog\cl.write.1.tlog
c:\users\kga_19\desktop\teampoject\kg-teamproject\debug\api_framework.tlog\link.command.1.tlog
c:\users\kga_19\desktop\teampoject\kg-teamproject\debug\api_framework.tlog\link.read.1.tlog
c:\users\kga_19\desktop\teampoject\kg-teamproject\debug\api_framework.tlog\link.write.1.tlog
