  stdafx.cpp
c:\myproject\kg-teamproject - 복사본\image.h(138): warning C4244: '인수': 'float'에서 'int'(으)로 변환하면서 데이터가 손실될 수 있습니다.
c:\myproject\kg-teamproject - 복사본\player.h(138): warning C4244: 'return': 'float'에서 'int'(으)로 변환하면서 데이터가 손실될 수 있습니다.
c:\myproject\kg-teamproject - 복사본\player.h(139): warning C4244: 'return': 'float'에서 'int'(으)로 변환하면서 데이터가 손실될 수 있습니다.
  animation.cpp
  animationManager.cpp
  aStar.cpp
c:\myproject\kg-teamproject - 복사본\astar.cpp(82): error C2664: 'BOOL TextOutW(HDC,int,int,LPCWSTR,int)': 인수 4을(를) 'const char [10]'에서 'LPCWSTR'(으)로 변환할 수 없습니다.
  c:\myproject\kg-teamproject - 복사본\astar.cpp(82): note: 가리킨 형식이 관련이 없습니다. 변환하려면 reinterpret_cast, C 스타일 캐스트 또는 함수 스타일 캐스트가 필요합니다.
c:\myproject\kg-teamproject - 복사본\astar.cpp(83): error C2664: 'BOOL TextOutW(HDC,int,int,LPCWSTR,int)': 인수 4을(를) 'const char [8]'에서 'LPCWSTR'(으)로 변환할 수 없습니다.
  c:\myproject\kg-teamproject - 복사본\astar.cpp(83): note: 가리킨 형식이 관련이 없습니다. 변환하려면 reinterpret_cast, C 스타일 캐스트 또는 함수 스타일 캐스트가 필요합니다.
c:\myproject\kg-teamproject - 복사본\astar.cpp(84): error C2664: 'BOOL TextOutW(HDC,int,int,LPCWSTR,int)': 인수 4을(를) 'const char [6]'에서 'LPCWSTR'(으)로 변환할 수 없습니다.
  c:\myproject\kg-teamproject - 복사본\astar.cpp(84): note: 가리킨 형식이 관련이 없습니다. 변환하려면 reinterpret_cast, C 스타일 캐스트 또는 함수 스타일 캐스트가 필요합니다.
c:\myproject\kg-teamproject - 복사본\astar.cpp(85): error C2664: 'BOOL TextOutW(HDC,int,int,LPCWSTR,int)': 인수 4을(를) 'const char [10]'에서 'LPCWSTR'(으)로 변환할 수 없습니다.
  c:\myproject\kg-teamproject - 복사본\astar.cpp(85): note: 가리킨 형식이 관련이 없습니다. 변환하려면 reinterpret_cast, C 스타일 캐스트 또는 함수 스타일 캐스트가 필요합니다.
c:\myproject\kg-teamproject - 복사본\astar.cpp(86): error C2664: 'BOOL TextOutW(HDC,int,int,LPCWSTR,int)': 인수 4을(를) 'const char [10]'에서 'LPCWSTR'(으)로 변환할 수 없습니다.
  c:\myproject\kg-teamproject - 복사본\astar.cpp(86): note: 가리킨 형식이 관련이 없습니다. 변환하려면 reinterpret_cast, C 스타일 캐스트 또는 함수 스타일 캐스트가 필요합니다.
c:\myproject\kg-teamproject - 복사본\astar.cpp(94): error C2664: 'BOOL TextOutW(HDC,int,int,LPCWSTR,int)': 인수 4을(를) 'char [128]'에서 'LPCWSTR'(으)로 변환할 수 없습니다.
  c:\myproject\kg-teamproject - 복사본\astar.cpp(94): note: 가리킨 형식이 관련이 없습니다. 변환하려면 reinterpret_cast, C 스타일 캐스트 또는 함수 스타일 캐스트가 필요합니다.
c:\myproject\kg-teamproject - 복사본\astar.cpp(96): error C2664: 'HFONT CreateFontW(int,int,int,int,int,DWORD,DWORD,DWORD,DWORD,DWORD,DWORD,DWORD,DWORD,LPCWSTR)': 인수 14을(를) 'const char [5]'에서 'LPCWSTR'(으)로 변환할 수 없습니다.
  c:\myproject\kg-teamproject - 복사본\astar.cpp(96): note: 가리킨 형식이 관련이 없습니다. 변환하려면 reinterpret_cast, C 스타일 캐스트 또는 함수 스타일 캐스트가 필요합니다.
c:\myproject\kg-teamproject - 복사본\astar.cpp(152): error C2664: 'BOOL TextOutW(HDC,int,int,LPCWSTR,int)': 인수 4을(를) 'char [128]'에서 'LPCWSTR'(으)로 변환할 수 없습니다.
  c:\myproject\kg-teamproject - 복사본\astar.cpp(152): note: 가리킨 형식이 관련이 없습니다. 변환하려면 reinterpret_cast, C 스타일 캐스트 또는 함수 스타일 캐스트가 필요합니다.
  bossMinion.cpp
  bullet.cpp
c:\myproject\kg-teamproject - 복사본\bullet.cpp(62): warning C4244: '인수': 'float'에서 'int'(으)로 변환하면서 데이터가 손실될 수 있습니다.
c:\myproject\kg-teamproject - 복사본\bullet.cpp(84): warning C4244: '인수': 'float'에서 'int'(으)로 변환하면서 데이터가 손실될 수 있습니다.
c:\myproject\kg-teamproject - 복사본\bullet.cpp(176): warning C4244: '인수': 'float'에서 'int'(으)로 변환하면서 데이터가 손실될 수 있습니다.
c:\myproject\kg-teamproject - 복사본\bullet.cpp(207): warning C4244: '인수': 'float'에서 'int'(으)로 변환하면서 데이터가 손실될 수 있습니다.
  cameraManager.cpp
  cursor.cpp
  effect.cpp
  effectManager.cpp
  gameNode.cpp
  image.cpp
c:\myproject\kg-teamproject - 복사본\image.cpp(98): error C2664: 'HANDLE LoadImageW(HINSTANCE,LPCWSTR,UINT,int,int,UINT)': 인수 2을(를) 'const char *'에서 'LPCWSTR'(으)로 변환할 수 없습니다.
  c:\myproject\kg-teamproject - 복사본\image.cpp(102): note: 가리킨 형식이 관련이 없습니다. 변환하려면 reinterpret_cast, C 스타일 캐스트 또는 함수 스타일 캐스트가 필요합니다.
c:\myproject\kg-teamproject - 복사본\image.cpp(108): warning C4267: '초기화 중': 'size_t'에서 'int'(으)로 변환하면서 데이터가 손실될 수 있습니다.
c:\myproject\kg-teamproject - 복사본\image.cpp(160): error C2664: 'HANDLE LoadImageW(HINSTANCE,LPCWSTR,UINT,int,int,UINT)': 인수 2을(를) 'const char *'에서 'LPCWSTR'(으)로 변환할 수 없습니다.
  c:\myproject\kg-teamproject - 복사본\image.cpp(160): note: 가리킨 형식이 관련이 없습니다. 변환하려면 reinterpret_cast, C 스타일 캐스트 또는 함수 스타일 캐스트가 필요합니다.
c:\myproject\kg-teamproject - 복사본\image.cpp(167): warning C4267: '초기화 중': 'size_t'에서 'int'(으)로 변환하면서 데이터가 손실될 수 있습니다.
c:\myproject\kg-teamproject - 복사본\image.cpp(220): error C2664: 'HANDLE LoadImageW(HINSTANCE,LPCWSTR,UINT,int,int,UINT)': 인수 2을(를) 'const char *'에서 'LPCWSTR'(으)로 변환할 수 없습니다.
  c:\myproject\kg-teamproject - 복사본\image.cpp(225): note: 가리킨 형식이 관련이 없습니다. 변환하려면 reinterpret_cast, C 스타일 캐스트 또는 함수 스타일 캐스트가 필요합니다.
c:\myproject\kg-teamproject - 복사본\image.cpp(236): warning C4267: '초기화 중': 'size_t'에서 'int'(으)로 변환하면서 데이터가 손실될 수 있습니다.
c:\myproject\kg-teamproject - 복사본\image.cpp(289): error C2664: 'HANDLE LoadImageW(HINSTANCE,LPCWSTR,UINT,int,int,UINT)': 인수 2을(를) 'const char *'에서 'LPCWSTR'(으)로 변환할 수 없습니다.
  c:\myproject\kg-teamproject - 복사본\image.cpp(294): note: 가리킨 형식이 관련이 없습니다. 변환하려면 reinterpret_cast, C 스타일 캐스트 또는 함수 스타일 캐스트가 필요합니다.
c:\myproject\kg-teamproject - 복사본\image.cpp(308): warning C4267: '초기화 중': 'size_t'에서 'int'(으)로 변환하면서 데이터가 손실될 수 있습니다.
c:\myproject\kg-teamproject - 복사본\image.cpp(718): warning C4244: '인수': 'float'에서 'int'(으)로 변환하면서 데이터가 손실될 수 있습니다.
c:\myproject\kg-teamproject - 복사본\image.cpp(723): warning C4244: '인수': 'float'에서 'int'(으)로 변환하면서 데이터가 손실될 수 있습니다.
c:\myproject\kg-teamproject - 복사본\image.cpp(730): warning C4244: '인수': 'float'에서 'int'(으)로 변환하면서 데이터가 손실될 수 있습니다.
  imageManager.cpp
  inventory.cpp
c:\myproject\kg-teamproject - 복사본\inventory.cpp(25): warning C4244: '인수': 'float'에서 'int'(으)로 변환하면서 데이터가 손실될 수 있습니다.
c:\myproject\kg-teamproject - 복사본\inventory.cpp(36): warning C4244: '인수': 'float'에서 'int'(으)로 변환하면서 데이터가 손실될 수 있습니다.
c:\myproject\kg-teamproject - 복사본\inventory.cpp(69): warning C4244: '인수': 'float'에서 'int'(으)로 변환하면서 데이터가 손실될 수 있습니다.
c:\myproject\kg-teamproject - 복사본\inventory.cpp(73): warning C4244: '인수': 'float'에서 'int'(으)로 변환하면서 데이터가 손실될 수 있습니다.
c:\myproject\kg-teamproject - 복사본\inventory.cpp(183): warning C4267: '초기화 중': 'size_t'에서 'int'(으)로 변환하면서 데이터가 손실될 수 있습니다.
c:\myproject\kg-teamproject - 복사본\inventory.cpp(314): warning C4244: '인수': 'float'에서 'int'(으)로 변환하면서 데이터가 손실될 수 있습니다.
c:\myproject\kg-teamproject - 복사본\inventory.cpp(316): warning C4244: '인수': 'float'에서 'int'(으)로 변환하면서 데이터가 손실될 수 있습니다.
c:\myproject\kg-teamproject - 복사본\inventory.cpp(321): error C2664: 'int wsprintfW(LPWSTR,LPCWSTR,...)': 인수 1을(를) 'char [128]'에서 'LPWSTR'(으)로 변환할 수 없습니다.
  c:\myproject\kg-teamproject - 복사본\inventory.cpp(321): note: 가리킨 형식이 관련이 없습니다. 변환하려면 reinterpret_cast, C 스타일 캐스트 또는 함수 스타일 캐스트가 필요합니다.
c:\myproject\kg-teamproject - 복사본\inventory.cpp(323): error C2664: 'BOOL TextOutW(HDC,int,int,LPCWSTR,int)': 인수 4을(를) 'char [128]'에서 'LPCWSTR'(으)로 변환할 수 없습니다.
  c:\myproject\kg-teamproject - 복사본\inventory.cpp(323): note: 가리킨 형식이 관련이 없습니다. 변환하려면 reinterpret_cast, C 스타일 캐스트 또는 함수 스타일 캐스트가 필요합니다.
c:\myproject\kg-teamproject - 복사본\inventory.cpp(335): error C2664: 'int wsprintfW(LPWSTR,LPCWSTR,...)': 인수 1을(를) 'char [128]'에서 'LPWSTR'(으)로 변환할 수 없습니다.
  c:\myproject\kg-teamproject - 복사본\inventory.cpp(335): note: 가리킨 형식이 관련이 없습니다. 변환하려면 reinterpret_cast, C 스타일 캐스트 또는 함수 스타일 캐스트가 필요합니다.
c:\myproject\kg-teamproject - 복사본\inventory.cpp(337): error C2664: 'BOOL TextOutW(HDC,int,int,LPCWSTR,int)': 인수 4을(를) 'char [128]'에서 'LPCWSTR'(으)로 변환할 수 없습니다.
  c:\myproject\kg-teamproject - 복사본\inventory.cpp(337): note: 가리킨 형식이 관련이 없습니다. 변환하려면 reinterpret_cast, C 스타일 캐스트 또는 함수 스타일 캐스트가 필요합니다.
c:\myproject\kg-teamproject - 복사본\inventory.cpp(353): warning C4305: '인수': 'int'에서 'BYTE'(으)로 잘립니다.
c:\myproject\kg-teamproject - 복사본\inventory.cpp(353): warning C4309: '인수': 상수 값이 잘립니다.
c:\myproject\kg-teamproject - 복사본\inventory.cpp(356): warning C4244: '인수': 'float'에서 'int'(으)로 변환하면서 데이터가 손실될 수 있습니다.
c:\myproject\kg-teamproject - 복사본\inventory.cpp(357): warning C4244: '인수': 'float'에서 'int'(으)로 변환하면서 데이터가 손실될 수 있습니다.
c:\myproject\kg-teamproject - 복사본\inventory.cpp(374): error C2664: 'int wsprintfW(LPWSTR,LPCWSTR,...)': 인수 1을(를) 'char [128]'에서 'LPWSTR'(으)로 변환할 수 없습니다.
  c:\myproject\kg-teamproject - 복사본\inventory.cpp(374): note: 가리킨 형식이 관련이 없습니다. 변환하려면 reinterpret_cast, C 스타일 캐스트 또는 함수 스타일 캐스트가 필요합니다.
c:\myproject\kg-teamproject - 복사본\inventory.cpp(376): error C2664: 'BOOL TextOutW(HDC,int,int,LPCWSTR,int)': 인수 4을(를) 'char [128]'에서 'LPCWSTR'(으)로 변환할 수 없습니다.
  c:\myproject\kg-teamproject - 복사본\inventory.cpp(376): note: 가리킨 형식이 관련이 없습니다. 변환하려면 reinterpret_cast, C 스타일 캐스트 또는 함수 스타일 캐스트가 필요합니다.
  item.cpp
c:\myproject\kg-teamproject - 복사본\item.cpp(57): warning C4244: '인수': 'LONG'에서 'float'(으)로 변환하면서 데이터가 손실될 수 있습니다.
c:\myproject\kg-teamproject - 복사본\item.cpp(57): warning C4244: '인수': 'int'에서 'float'(으)로 변환하면서 데이터가 손실될 수 있습니다.
  itemManager.cpp
  keyManager.cpp
  loading.cpp
c:\myproject\kg-teamproject - 복사본\loading.cpp(41): warning C4244: '=': 'float'에서 'int'(으)로 변환하면서 데이터가 손실될 수 있습니다.
c:\myproject\kg-teamproject - 복사본\loading.cpp(42): warning C4244: '=': 'float'에서 'int'(으)로 변환하면서 데이터가 손실될 수 있습니다.
c:\myproject\kg-teamproject - 복사본\loading.cpp(76): warning C4244: '=': 'float'에서 'int'(으)로 변환하면서 데이터가 손실될 수 있습니다.
c:\myproject\kg-teamproject - 복사본\loading.cpp(77): warning C4244: '=': 'float'에서 'int'(으)로 변환하면서 데이터가 손실될 수 있습니다.
c:\myproject\kg-teamproject - 복사본\loading.cpp(181): warning C4244: '인수': 'int'에서 'float'(으)로 변환하면서 데이터가 손실될 수 있습니다.
c:\myproject\kg-teamproject - 복사본\loading.cpp(187): warning C4244: '인수': 'int'에서 'float'(으)로 변환하면서 데이터가 손실될 수 있습니다.
c:\myproject\kg-teamproject - 복사본\loading.cpp(193): warning C4244: '인수': 'unsigned __int64'에서 'float'(으)로 변환하면서 데이터가 손실될 수 있습니다.
c:\myproject\kg-teamproject - 복사본\loading.cpp(193): warning C4244: '인수': 'int'에서 'float'(으)로 변환하면서 데이터가 손실될 수 있습니다.
  mainGame+Image.cpp
c:\myproject\kg-teamproject - 복사본\selltable.h(4): warning C4005: 'SLOTNUM': 매크로 재정의
  c:\myproject\kg-teamproject - 복사본\storage.h(5): note: 'SLOTNUM'의 이전 정의를 참조하십시오.
c:\myproject\kg-teamproject - 복사본\npcshopbase.h(4): warning C4005: 'SLOTNUM': 매크로 재정의
  c:\myproject\kg-teamproject - 복사본\selltable.h(4): note: 'SLOTNUM'의 이전 정의를 참조하십시오.
c:\myproject\kg-teamproject - 복사본\maingame+image.cpp(105): error C2059: 구문 오류: '<<'
c:\myproject\kg-teamproject - 복사본\maingame+image.cpp(107): error C2059: 구문 오류: '=='
c:\myproject\kg-teamproject - 복사본\maingame+image.cpp(109): error C2059: 구문 오류: '>>'
c:\myproject\kg-teamproject - 복사본\maingame+image.cpp(131): error C2059: 구문 오류: '<<'
c:\myproject\kg-teamproject - 복사본\maingame+image.cpp(134): error C2059: 구문 오류: '>>'
c:\myproject\kg-teamproject - 복사본\maingame+image.cpp(147): warning C4244: '인수': 'double'에서 'int'(으)로 변환하면서 데이터가 손실될 수 있습니다.
c:\myproject\kg-teamproject - 복사본\maingame+image.cpp(148): warning C4244: '인수': 'double'에서 'int'(으)로 변환하면서 데이터가 손실될 수 있습니다.
  mainGame.cpp
c:\myproject\kg-teamproject - 복사본\selltable.h(4): warning C4005: 'SLOTNUM': 매크로 재정의
  c:\myproject\kg-teamproject - 복사본\storage.h(5): note: 'SLOTNUM'의 이전 정의를 참조하십시오.
c:\myproject\kg-teamproject - 복사본\npcshopbase.h(4): warning C4005: 'SLOTNUM': 매크로 재정의
  c:\myproject\kg-teamproject - 복사본\selltable.h(4): note: 'SLOTNUM'의 이전 정의를 참조하십시오.
c:\myproject\kg-teamproject - 복사본\maingame.cpp(22): error C2059: 구문 오류: '<<'
c:\myproject\kg-teamproject - 복사본\maingame.cpp(32): error C2059: 구문 오류: '=='
c:\myproject\kg-teamproject - 복사본\maingame.cpp(46): error C2059: 구문 오류: '>>'
c:\myproject\kg-teamproject - 복사본\maingame.cpp(64): error C2059: 구문 오류: '<<'
c:\myproject\kg-teamproject - 복사본\maingame.cpp(69): error C2059: 구문 오류: '=='
c:\myproject\kg-teamproject - 복사본\maingame.cpp(74): error C2059: 구문 오류: '>>'
c:\myproject\kg-teamproject - 복사본\maingame.cpp(97): error C2059: 구문 오류: '<<'
c:\myproject\kg-teamproject - 복사본\maingame.cpp(100): error C2059: 구문 오류: '=='
c:\myproject\kg-teamproject - 복사본\maingame.cpp(102): error C2660: 'inventory::render': 함수는 0개의 매개 변수를 사용하지 않습니다.
  c:\myproject\kg-teamproject - 복사본\inventory.h(76): note: 'inventory::render' 선언을 참조하십시오.
c:\myproject\kg-teamproject - 복사본\maingame.cpp(104): error C2059: 구문 오류: '>>'
  mapTool.cpp
c:\myproject\kg-teamproject - 복사본\maptool.cpp(45): error C2664: 'BOOL TextOutW(HDC,int,int,LPCWSTR,int)': 인수 4을(를) 'char [128]'에서 'LPCWSTR'(으)로 변환할 수 없습니다.
  c:\myproject\kg-teamproject - 복사본\maptool.cpp(45): note: 가리킨 형식이 관련이 없습니다. 변환하려면 reinterpret_cast, C 스타일 캐스트 또는 함수 스타일 캐스트가 필요합니다.
c:\myproject\kg-teamproject - 복사본\maptool.cpp(109): error C2664: 'BOOL TextOutW(HDC,int,int,LPCWSTR,int)': 인수 4을(를) 'char [128]'에서 'LPCWSTR'(으)로 변환할 수 없습니다.
  c:\myproject\kg-teamproject - 복사본\maptool.cpp(109): note: 가리킨 형식이 관련이 없습니다. 변환하려면 reinterpret_cast, C 스타일 캐스트 또는 함수 스타일 캐스트가 필요합니다.
c:\myproject\kg-teamproject - 복사본\maptool.cpp(475): warning C4553: '==': 식의 결과가 사용되지 않습니다. '='을(를) 의도했습니까?
c:\myproject\kg-teamproject - 복사본\maptool.cpp(479): warning C4553: '==': 식의 결과가 사용되지 않습니다. '='을(를) 의도했습니까?
  코드를 생성하고 있습니다...
c:\myproject\kg-teamproject - 복사본\itemmanager.cpp(122): warning C4715: 'itemManager::addItem': 모든 제어 경로에서 값을 반환하지는 않습니다.
c:\myproject\kg-teamproject - 복사본\itemmanager.cpp(135): warning C4715: 'itemManager::addItem': 모든 제어 경로에서 값을 반환하지는 않습니다.
  컴파일하고 있습니다...
  minion.cpp
  monster.cpp
c:\myproject\kg-teamproject - 복사본\monster.cpp(55): warning C4244: '인수': 'int'에서 'float'(으)로 변환하면서 데이터가 손실될 수 있습니다.
c:\myproject\kg-teamproject - 복사본\monster.cpp(181): error C2664: 'BOOL TextOutW(HDC,int,int,LPCWSTR,int)': 인수 4을(를) 'char [128]'에서 'LPCWSTR'(으)로 변환할 수 없습니다.
  c:\myproject\kg-teamproject - 복사본\monster.cpp(181): note: 가리킨 형식이 관련이 없습니다. 변환하려면 reinterpret_cast, C 스타일 캐스트 또는 함수 스타일 캐스트가 필요합니다.
c:\myproject\kg-teamproject - 복사본\monster.cpp(184): error C2664: 'BOOL TextOutW(HDC,int,int,LPCWSTR,int)': 인수 4을(를) 'char [128]'에서 'LPCWSTR'(으)로 변환할 수 없습니다.
  c:\myproject\kg-teamproject - 복사본\monster.cpp(184): note: 가리킨 형식이 관련이 없습니다. 변환하려면 reinterpret_cast, C 스타일 캐스트 또는 함수 스타일 캐스트가 필요합니다.
c:\myproject\kg-teamproject - 복사본\monster.cpp(427): warning C4244: '인수': 'int'에서 'float'(으)로 변환하면서 데이터가 손실될 수 있습니다.
c:\myproject\kg-teamproject - 복사본\monster.cpp(533): warning C4244: '인수': 'float'에서 'int'(으)로 변환하면서 데이터가 손실될 수 있습니다.
c:\myproject\kg-teamproject - 복사본\monster.cpp(555): warning C4244: '인수': 'int'에서 'float'(으)로 변환하면서 데이터가 손실될 수 있습니다.
c:\myproject\kg-teamproject - 복사본\monster.cpp(756): warning C4244: '인수': 'int'에서 'float'(으)로 변환하면서 데이터가 손실될 수 있습니다.
  monsterManager.cpp
c:\myproject\kg-teamproject - 복사본\monstermanager.cpp(121): warning C4244: '인수': 'LONG'에서 'float'(으)로 변환하면서 데이터가 손실될 수 있습니다.
c:\myproject\kg-teamproject - 복사본\monstermanager.cpp(124): warning C4244: '인수': 'LONG'에서 'float'(으)로 변환하면서 데이터가 손실될 수 있습니다.
c:\myproject\kg-teamproject - 복사본\monstermanager.cpp(127): warning C4244: '인수': 'LONG'에서 'float'(으)로 변환하면서 데이터가 손실될 수 있습니다.
c:\myproject\kg-teamproject - 복사본\monstermanager.cpp(130): warning C4244: '인수': 'LONG'에서 'float'(으)로 변환하면서 데이터가 손실될 수 있습니다.
  monsterProgressBar.cpp
c:\myproject\kg-teamproject - 복사본\monsterprogressbar.cpp(14): warning C4244: '=': 'float'에서 'int'(으)로 변환하면서 데이터가 손실될 수 있습니다.
c:\myproject\kg-teamproject - 복사본\monsterprogressbar.cpp(15): warning C4244: '=': 'float'에서 'int'(으)로 변환하면서 데이터가 손실될 수 있습니다.
c:\myproject\kg-teamproject - 복사본\monsterprogressbar.cpp(17): warning C4244: '인수': 'float'에서 'int'(으)로 변환하면서 데이터가 손실될 수 있습니다.
c:\myproject\kg-teamproject - 복사본\monsterprogressbar.cpp(55): warning C4244: '=': 'float'에서 'int'(으)로 변환하면서 데이터가 손실될 수 있습니다.
  NPCblacksmith.cpp
c:\myproject\kg-teamproject - 복사본\npcblacksmith.cpp(90): error C2664: 'BOOL TextOutW(HDC,int,int,LPCWSTR,int)': 인수 4을(를) 'const char [7]'에서 'LPCWSTR'(으)로 변환할 수 없습니다.
  c:\myproject\kg-teamproject - 복사본\npcblacksmith.cpp(90): note: 가리킨 형식이 관련이 없습니다. 변환하려면 reinterpret_cast, C 스타일 캐스트 또는 함수 스타일 캐스트가 필요합니다.
c:\myproject\kg-teamproject - 복사본\npcblacksmith.cpp(112): error C2664: 'BOOL TextOutW(HDC,int,int,LPCWSTR,int)': 인수 4을(를) 'const char [10]'에서 'LPCWSTR'(으)로 변환할 수 없습니다.
  c:\myproject\kg-teamproject - 복사본\npcblacksmith.cpp(112): note: 가리킨 형식이 관련이 없습니다. 변환하려면 reinterpret_cast, C 스타일 캐스트 또는 함수 스타일 캐스트가 필요합니다.
c:\myproject\kg-teamproject - 복사본\npcblacksmith.cpp(126): error C2664: 'BOOL TextOutW(HDC,int,int,LPCWSTR,int)': 인수 4을(를) 'const char [3]'에서 'LPCWSTR'(으)로 변환할 수 없습니다.
  c:\myproject\kg-teamproject - 복사본\npcblacksmith.cpp(126): note: 가리킨 형식이 관련이 없습니다. 변환하려면 reinterpret_cast, C 스타일 캐스트 또는 함수 스타일 캐스트가 필요합니다.
c:\myproject\kg-teamproject - 복사본\npcblacksmith.cpp(140): error C2664: 'BOOL TextOutW(HDC,int,int,LPCWSTR,int)': 인수 4을(를) 'const char [3]'에서 'LPCWSTR'(으)로 변환할 수 없습니다.
  c:\myproject\kg-teamproject - 복사본\npcblacksmith.cpp(140): note: 가리킨 형식이 관련이 없습니다. 변환하려면 reinterpret_cast, C 스타일 캐스트 또는 함수 스타일 캐스트가 필요합니다.
c:\myproject\kg-teamproject - 복사본\npcblacksmith.cpp(157): error C2664: 'int wsprintfW(LPWSTR,LPCWSTR,...)': 인수 1을(를) 'char [128]'에서 'LPWSTR'(으)로 변환할 수 없습니다.
  c:\myproject\kg-teamproject - 복사본\npcblacksmith.cpp(157): note: 가리킨 형식이 관련이 없습니다. 변환하려면 reinterpret_cast, C 스타일 캐스트 또는 함수 스타일 캐스트가 필요합니다.
c:\myproject\kg-teamproject - 복사본\npcblacksmith.cpp(158): error C2664: 'BOOL TextOutW(HDC,int,int,LPCWSTR,int)': 인수 4을(를) 'char [128]'에서 'LPCWSTR'(으)로 변환할 수 없습니다.
  c:\myproject\kg-teamproject - 복사본\npcblacksmith.cpp(158): note: 가리킨 형식이 관련이 없습니다. 변환하려면 reinterpret_cast, C 스타일 캐스트 또는 함수 스타일 캐스트가 필요합니다.
c:\myproject\kg-teamproject - 복사본\npcblacksmith.cpp(159): error C2664: 'int wsprintfW(LPWSTR,LPCWSTR,...)': 인수 1을(를) 'char [128]'에서 'LPWSTR'(으)로 변환할 수 없습니다.
  c:\myproject\kg-teamproject - 복사본\npcblacksmith.cpp(159): note: 가리킨 형식이 관련이 없습니다. 변환하려면 reinterpret_cast, C 스타일 캐스트 또는 함수 스타일 캐스트가 필요합니다.
c:\myproject\kg-teamproject - 복사본\npcblacksmith.cpp(160): error C2664: 'BOOL TextOutW(HDC,int,int,LPCWSTR,int)': 인수 4을(를) 'char [128]'에서 'LPCWSTR'(으)로 변환할 수 없습니다.
  c:\myproject\kg-teamproject - 복사본\npcblacksmith.cpp(160): note: 가리킨 형식이 관련이 없습니다. 변환하려면 reinterpret_cast, C 스타일 캐스트 또는 함수 스타일 캐스트가 필요합니다.
c:\myproject\kg-teamproject - 복사본\npcblacksmith.cpp(161): error C2664: 'int wsprintfW(LPWSTR,LPCWSTR,...)': 인수 1을(를) 'char [128]'에서 'LPWSTR'(으)로 변환할 수 없습니다.
  c:\myproject\kg-teamproject - 복사본\npcblacksmith.cpp(161): note: 가리킨 형식이 관련이 없습니다. 변환하려면 reinterpret_cast, C 스타일 캐스트 또는 함수 스타일 캐스트가 필요합니다.
c:\myproject\kg-teamproject - 복사본\npcblacksmith.cpp(162): error C2664: 'BOOL TextOutW(HDC,int,int,LPCWSTR,int)': 인수 4을(를) 'char [128]'에서 'LPCWSTR'(으)로 변환할 수 없습니다.
  c:\myproject\kg-teamproject - 복사본\npcblacksmith.cpp(162): note: 가리킨 형식이 관련이 없습니다. 변환하려면 reinterpret_cast, C 스타일 캐스트 또는 함수 스타일 캐스트가 필요합니다.
c:\myproject\kg-teamproject - 복사본\npcblacksmith.cpp(163): error C2664: 'int wsprintfW(LPWSTR,LPCWSTR,...)': 인수 1을(를) 'char [128]'에서 'LPWSTR'(으)로 변환할 수 없습니다.
  c:\myproject\kg-teamproject - 복사본\npcblacksmith.cpp(163): note: 가리킨 형식이 관련이 없습니다. 변환하려면 reinterpret_cast, C 스타일 캐스트 또는 함수 스타일 캐스트가 필요합니다.
c:\myproject\kg-teamproject - 복사본\npcblacksmith.cpp(164): error C2664: 'BOOL TextOutW(HDC,int,int,LPCWSTR,int)': 인수 4을(를) 'char [128]'에서 'LPCWSTR'(으)로 변환할 수 없습니다.
  c:\myproject\kg-teamproject - 복사본\npcblacksmith.cpp(164): note: 가리킨 형식이 관련이 없습니다. 변환하려면 reinterpret_cast, C 스타일 캐스트 또는 함수 스타일 캐스트가 필요합니다.
c:\myproject\kg-teamproject - 복사본\npcblacksmith.cpp(165): error C2664: 'int wsprintfW(LPWSTR,LPCWSTR,...)': 인수 1을(를) 'char [128]'에서 'LPWSTR'(으)로 변환할 수 없습니다.
  c:\myproject\kg-teamproject - 복사본\npcblacksmith.cpp(165): note: 가리킨 형식이 관련이 없습니다. 변환하려면 reinterpret_cast, C 스타일 캐스트 또는 함수 스타일 캐스트가 필요합니다.
c:\myproject\kg-teamproject - 복사본\npcblacksmith.cpp(166): error C2664: 'BOOL TextOutW(HDC,int,int,LPCWSTR,int)': 인수 4을(를) 'char [128]'에서 'LPCWSTR'(으)로 변환할 수 없습니다.
  c:\myproject\kg-teamproject - 복사본\npcblacksmith.cpp(166): note: 가리킨 형식이 관련이 없습니다. 변환하려면 reinterpret_cast, C 스타일 캐스트 또는 함수 스타일 캐스트가 필요합니다.
c:\myproject\kg-teamproject - 복사본\npcblacksmith.cpp(169): error C2664: 'int wsprintfW(LPWSTR,LPCWSTR,...)': 인수 1을(를) 'char [128]'에서 'LPWSTR'(으)로 변환할 수 없습니다.
  c:\myproject\kg-teamproject - 복사본\npcblacksmith.cpp(169): note: 가리킨 형식이 관련이 없습니다. 변환하려면 reinterpret_cast, C 스타일 캐스트 또는 함수 스타일 캐스트가 필요합니다.
c:\myproject\kg-teamproject - 복사본\npcblacksmith.cpp(170): error C2664: 'BOOL TextOutW(HDC,int,int,LPCWSTR,int)': 인수 4을(를) 'char [128]'에서 'LPCWSTR'(으)로 변환할 수 없습니다.
  c:\myproject\kg-teamproject - 복사본\npcblacksmith.cpp(170): note: 가리킨 형식이 관련이 없습니다. 변환하려면 reinterpret_cast, C 스타일 캐스트 또는 함수 스타일 캐스트가 필요합니다.
  NPCpotionShop.cpp
c:\myproject\kg-teamproject - 복사본\npcpotionshop.cpp(49): error C2664: 'BOOL TextOutW(HDC,int,int,LPCWSTR,int)': 인수 4을(를) 'const char [5]'에서 'LPCWSTR'(으)로 변환할 수 없습니다.
  c:\myproject\kg-teamproject - 복사본\npcpotionshop.cpp(49): note: 가리킨 형식이 관련이 없습니다. 변환하려면 reinterpret_cast, C 스타일 캐스트 또는 함수 스타일 캐스트가 필요합니다.
c:\myproject\kg-teamproject - 복사본\npcpotionshop.cpp(50): error C2664: 'int wsprintfW(LPWSTR,LPCWSTR,...)': 인수 1을(를) 'char [128]'에서 'LPWSTR'(으)로 변환할 수 없습니다.
  c:\myproject\kg-teamproject - 복사본\npcpotionshop.cpp(50): note: 가리킨 형식이 관련이 없습니다. 변환하려면 reinterpret_cast, C 스타일 캐스트 또는 함수 스타일 캐스트가 필요합니다.
c:\myproject\kg-teamproject - 복사본\npcpotionshop.cpp(51): error C2664: 'BOOL TextOutW(HDC,int,int,LPCWSTR,int)': 인수 4을(를) 'char [128]'에서 'LPCWSTR'(으)로 변환할 수 없습니다.
  c:\myproject\kg-teamproject - 복사본\npcpotionshop.cpp(51): note: 가리킨 형식이 관련이 없습니다. 변환하려면 reinterpret_cast, C 스타일 캐스트 또는 함수 스타일 캐스트가 필요합니다.
c:\myproject\kg-teamproject - 복사본\npcpotionshop.cpp(54): error C2664: 'int wsprintfW(LPWSTR,LPCWSTR,...)': 인수 1을(를) 'char [128]'에서 'LPWSTR'(으)로 변환할 수 없습니다.
  c:\myproject\kg-teamproject - 복사본\npcpotionshop.cpp(54): note: 가리킨 형식이 관련이 없습니다. 변환하려면 reinterpret_cast, C 스타일 캐스트 또는 함수 스타일 캐스트가 필요합니다.
c:\myproject\kg-teamproject - 복사본\npcpotionshop.cpp(55): error C2664: 'BOOL TextOutW(HDC,int,int,LPCWSTR,int)': 인수 4을(를) 'char [128]'에서 'LPCWSTR'(으)로 변환할 수 없습니다.
  c:\myproject\kg-teamproject - 복사본\npcpotionshop.cpp(55): note: 가리킨 형식이 관련이 없습니다. 변환하려면 reinterpret_cast, C 스타일 캐스트 또는 함수 스타일 캐스트가 필요합니다.
c:\myproject\kg-teamproject - 복사본\npcpotionshop.cpp(62): error C2664: 'int wsprintfW(LPWSTR,LPCWSTR,...)': 인수 1을(를) 'char [128]'에서 'LPWSTR'(으)로 변환할 수 없습니다.
  c:\myproject\kg-teamproject - 복사본\npcpotionshop.cpp(62): note: 가리킨 형식이 관련이 없습니다. 변환하려면 reinterpret_cast, C 스타일 캐스트 또는 함수 스타일 캐스트가 필요합니다.
c:\myproject\kg-teamproject - 복사본\npcpotionshop.cpp(63): error C2664: 'BOOL TextOutW(HDC,int,int,LPCWSTR,int)': 인수 4을(를) 'char [128]'에서 'LPCWSTR'(으)로 변환할 수 없습니다.
  c:\myproject\kg-teamproject - 복사본\npcpotionshop.cpp(63): note: 가리킨 형식이 관련이 없습니다. 변환하려면 reinterpret_cast, C 스타일 캐스트 또는 함수 스타일 캐스트가 필요합니다.
  NPCshopBase.cpp
c:\myproject\kg-teamproject - 복사본\npcshopbase.cpp(181): error C2664: 'BOOL TextOutW(HDC,int,int,LPCWSTR,int)': 인수 4을(를) 'const char [21]'에서 'LPCWSTR'(으)로 변환할 수 없습니다.
  c:\myproject\kg-teamproject - 복사본\npcshopbase.cpp(181): note: 가리킨 형식이 관련이 없습니다. 변환하려면 reinterpret_cast, C 스타일 캐스트 또는 함수 스타일 캐스트가 필요합니다.
  player+ani.cpp
  player.cpp
c:\myproject\kg-teamproject - 복사본\player.cpp(15): warning C4244: '인수': 'float'에서 'int'(으)로 변환하면서 데이터가 손실될 수 있습니다.
c:\myproject\kg-teamproject - 복사본\player.cpp(41): warning C4244: '인수': 'int'에서 'float'(으)로 변환하면서 데이터가 손실될 수 있습니다.
c:\myproject\kg-teamproject - 복사본\player.cpp(293): warning C4244: '인수': 'float'에서 'int'(으)로 변환하면서 데이터가 손실될 수 있습니다.
c:\myproject\kg-teamproject - 복사본\player.cpp(294): warning C4244: '인수': 'float'에서 'int'(으)로 변환하면서 데이터가 손실될 수 있습니다.
c:\myproject\kg-teamproject - 복사본\player.cpp(733): warning C4244: '인수': 'int'에서 'float'(으)로 변환하면서 데이터가 손실될 수 있습니다.
c:\myproject\kg-teamproject - 복사본\player.cpp(728): warning C4101: 'temp' :참조되지 않은 지역 변수입니다.
  playerShop.cpp
c:\myproject\kg-teamproject - 복사본\selltable.h(4): warning C4005: 'SLOTNUM': 매크로 재정의
  c:\myproject\kg-teamproject - 복사본\storage.h(5): note: 'SLOTNUM'의 이전 정의를 참조하십시오.
c:\myproject\kg-teamproject - 복사본\npcshopbase.h(4): warning C4005: 'SLOTNUM': 매크로 재정의
  c:\myproject\kg-teamproject - 복사본\selltable.h(4): note: 'SLOTNUM'의 이전 정의를 참조하십시오.
  progressBar.cpp
c:\myproject\kg-teamproject - 복사본\progressbar.cpp(14): warning C4244: '=': 'float'에서 'int'(으)로 변환하면서 데이터가 손실될 수 있습니다.
c:\myproject\kg-teamproject - 복사본\progressbar.cpp(15): warning C4244: '=': 'float'에서 'int'(으)로 변환하면서 데이터가 손실될 수 있습니다.
c:\myproject\kg-teamproject - 복사본\progressbar.cpp(17): warning C4244: '인수': 'float'에서 'int'(으)로 변환하면서 데이터가 손실될 수 있습니다.
c:\myproject\kg-teamproject - 복사본\progressbar.cpp(53): warning C4244: '=': 'float'에서 'int'(으)로 변환하면서 데이터가 손실될 수 있습니다.
c:\myproject\kg-teamproject - 복사본\progressbar.cpp(67): warning C4244: '=': 'float'에서 'int'(으)로 변환하면서 데이터가 손실될 수 있습니다.
c:\myproject\kg-teamproject - 복사본\progressbar.cpp(68): warning C4244: '=': 'float'에서 'int'(으)로 변환하면서 데이터가 손실될 수 있습니다.
c:\myproject\kg-teamproject - 복사본\progressbar.cpp(70): warning C4244: '인수': 'float'에서 'int'(으)로 변환하면서 데이터가 손실될 수 있습니다.
c:\myproject\kg-teamproject - 복사본\progressbar.cpp(105): warning C4244: '=': 'float'에서 'int'(으)로 변환하면서 데이터가 손실될 수 있습니다.
  sceneManager.cpp
  sellTable.cpp
  slimeGauntletMinion.cpp
  soldierMinion.cpp
  soundManager.cpp
c:\myproject\kg-teamproject - 복사본\soundmanager.cpp(34): warning C4554: '|': 연산자 우선 순위에 오류가 있는지 확인하세요. 괄호를 사용하여 우선 순위를 명확하게 지정하세요.
  storage.cpp
c:\myproject\kg-teamproject - 복사본\storage.cpp(149): error C2664: 'int wsprintfW(LPWSTR,LPCWSTR,...)': 인수 1을(를) 'char [128]'에서 'LPWSTR'(으)로 변환할 수 없습니다.
  c:\myproject\kg-teamproject - 복사본\storage.cpp(149): note: 가리킨 형식이 관련이 없습니다. 변환하려면 reinterpret_cast, C 스타일 캐스트 또는 함수 스타일 캐스트가 필요합니다.
c:\myproject\kg-teamproject - 복사본\storage.cpp(150): error C2664: 'BOOL TextOutW(HDC,int,int,LPCWSTR,int)': 인수 4을(를) 'char [128]'에서 'LPCWSTR'(으)로 변환할 수 없습니다.
  c:\myproject\kg-teamproject - 복사본\storage.cpp(150): note: 가리킨 형식이 관련이 없습니다. 변환하려면 reinterpret_cast, C 스타일 캐스트 또는 함수 스타일 캐스트가 필요합니다.
c:\myproject\kg-teamproject - 복사본\storage.cpp(195): error C2664: 'int wsprintfW(LPWSTR,LPCWSTR,...)': 인수 1을(를) 'char [128]'에서 'LPWSTR'(으)로 변환할 수 없습니다.
  c:\myproject\kg-teamproject - 복사본\storage.cpp(195): note: 가리킨 형식이 관련이 없습니다. 변환하려면 reinterpret_cast, C 스타일 캐스트 또는 함수 스타일 캐스트가 필요합니다.
c:\myproject\kg-teamproject - 복사본\storage.cpp(196): error C2664: 'BOOL TextOutW(HDC,int,int,LPCWSTR,int)': 인수 4을(를) 'char [128]'에서 'LPCWSTR'(으)로 변환할 수 없습니다.
  c:\myproject\kg-teamproject - 복사본\storage.cpp(196): note: 가리킨 형식이 관련이 없습니다. 변환하려면 reinterpret_cast, C 스타일 캐스트 또는 함수 스타일 캐스트가 필요합니다.
  timeManager.cpp
c:\myproject\kg-teamproject - 복사본\timemanager.cpp(54): error C2664: 'BOOL TextOutW(HDC,int,int,LPCWSTR,int)': 인수 4을(를) 'char [256]'에서 'LPCWSTR'(으)로 변환할 수 없습니다.
  c:\myproject\kg-teamproject - 복사본\timemanager.cpp(54): note: 가리킨 형식이 관련이 없습니다. 변환하려면 reinterpret_cast, C 스타일 캐스트 또는 함수 스타일 캐스트가 필요합니다.
c:\myproject\kg-teamproject - 복사본\timemanager.cpp(58): error C2664: 'BOOL TextOutW(HDC,int,int,LPCWSTR,int)': 인수 4을(를) 'char [256]'에서 'LPCWSTR'(으)로 변환할 수 없습니다.
  c:\myproject\kg-teamproject - 복사본\timemanager.cpp(58): note: 가리킨 형식이 관련이 없습니다. 변환하려면 reinterpret_cast, C 스타일 캐스트 또는 함수 스타일 캐스트가 필요합니다.
c:\myproject\kg-teamproject - 복사본\timemanager.cpp(61): error C2664: 'BOOL TextOutW(HDC,int,int,LPCWSTR,int)': 인수 4을(를) 'char [256]'에서 'LPCWSTR'(으)로 변환할 수 없습니다.
  c:\myproject\kg-teamproject - 복사본\timemanager.cpp(61): note: 가리킨 형식이 관련이 없습니다. 변환하려면 reinterpret_cast, C 스타일 캐스트 또는 함수 스타일 캐스트가 필요합니다.
  timer.cpp
c:\myproject\kg-teamproject - 복사본\timer.cpp(101): error C2664: 'int wsprintfW(LPWSTR,LPCWSTR,...)': 인수 1을(를) 'char *'에서 'LPWSTR'(으)로 변환할 수 없습니다.
  c:\myproject\kg-teamproject - 복사본\timer.cpp(101): note: 가리킨 형식이 관련이 없습니다. 변환하려면 reinterpret_cast, C 스타일 캐스트 또는 함수 스타일 캐스트가 필요합니다.
  turretMinion.cpp
  코드를 생성하고 있습니다...
  컴파일하고 있습니다...
  txtData.cpp
c:\myproject\kg-teamproject - 복사본\txtdata.cpp(28): error C2664: 'HANDLE CreateFileW(LPCWSTR,DWORD,DWORD,LPSECURITY_ATTRIBUTES,DWORD,DWORD,HANDLE)': 인수 1을(를) 'char *'에서 'LPCWSTR'(으)로 변환할 수 없습니다.
  c:\myproject\kg-teamproject - 복사본\txtdata.cpp(35): note: 가리킨 형식이 관련이 없습니다. 변환하려면 reinterpret_cast, C 스타일 캐스트 또는 함수 스타일 캐스트가 필요합니다.
c:\myproject\kg-teamproject - 복사본\txtdata.cpp(65): error C2664: 'HANDLE CreateFileW(LPCWSTR,DWORD,DWORD,LPSECURITY_ATTRIBUTES,DWORD,DWORD,HANDLE)': 인수 1을(를) 'char *'에서 'LPCWSTR'(으)로 변환할 수 없습니다.
  c:\myproject\kg-teamproject - 복사본\txtdata.cpp(72): note: 가리킨 형식이 관련이 없습니다. 변환하려면 reinterpret_cast, C 스타일 캐스트 또는 함수 스타일 캐스트가 필요합니다.
  utils.cpp
c:\myproject\kg-teamproject - 복사본\utils.cpp(27): warning C4305: '-=': 'double'에서 'float'(으)로 잘립니다.
  winMain.cpp
c:\myproject\kg-teamproject - 복사본\selltable.h(4): warning C4005: 'SLOTNUM': 매크로 재정의
  c:\myproject\kg-teamproject - 복사본\storage.h(5): note: 'SLOTNUM'의 이전 정의를 참조하십시오.
c:\myproject\kg-teamproject - 복사본\npcshopbase.h(4): warning C4005: 'SLOTNUM': 매크로 재정의
  c:\myproject\kg-teamproject - 복사본\selltable.h(4): note: 'SLOTNUM'의 이전 정의를 참조하십시오.
c:\myproject\kg-teamproject - 복사본\winmain.cpp(153): warning C4244: 'return': 'WPARAM'에서 'int'(으)로 변환하면서 데이터가 손실될 수 있습니다.
  코드를 생성하고 있습니다...
